[looksrare.org/index.html]
[looksrare.org/images/meta-2.png]
[looksrare.org/apple-touch-icon.png]
[looksrare.org/favicon-32x32.png]
[looksrare.org/favicon-16x16.png]
[looksrare.org/manifest.json]
[backblue.gif]
[fade.gif]
[index.html]
[looksrare.org/_next/static/css/898dd38ee45185d1.css]
[looksrare.org/_next/static/css/304900cd53b5f91e.css]
[looksrare.org/_next/static/chunks/polyfills-5cd94c89d3acac5f.js]
[looksrare.org/_next/static/chunks/webpack-b408122688c8ce81.js]
[looksrare.org/_next/static/chunks/framework-348f86d225132ea3.js]
[looksrare.org/_next/static/chunks/main-a65d9115d668cce7.js]
[looksrare.org/_next/static/chunks/pages/_app-10ebefa47a62409f.js]
[looksrare.org/_next/static/chunks/834-9e5f5cd1371236f9.js]
[looksrare.org/_next/static/chunks/971-5c38d8f200aa6416.js]
[looksrare.org/_next/static/chunks/451-e86b00df8dce23c5.js]
[looksrare.org/_next/static/chunks/2-68e676abe5904bbd.js]
[looksrare.org/_next/static/chunks/963-52daed7d944becba.js]
[looksrare.org/_next/static/chunks/352-553e3f9929f784f4.js]
[looksrare.org/_next/static/chunks/269-d6aefb612e19e6bd.js]
[looksrare.org/_next/static/chunks/735-77067408879d3006.js]
[looksrare.org/_next/static/chunks/763-fe435dea340cdd19.js]
[looksrare.org/_next/static/chunks/pages/index-428d328181b28195.js]
[looksrare.org/_next/static/JgktSxN4xSnHGRUmSgsBf/_buildManifest.js]
[looksrare.org/_next/static/JgktSxN4xSnHGRUmSgsBf/_ssgManifest.js]
[looksrare.org/_next/static/JgktSxN4xSnHGRUmSgsBf/_middlewareManifest.js]
[looksrare.org/explore.html]
[looksrare.org/collections.html]
[looksrare.org/rewards.html]
[looksrare.org/rewards/trading.html]
[looksrare.org/accounts/me.html]
[looksrare.org/collections/0xED5AF388653567Af2F388E6224dC7C4b3241C544.html]
[looksrare.org/collections/0x34d85c9CDeB23FA97cb08333b511ac86E1C4E258.html]
[looksrare.org/collections/0xBC4CA0EdA7647A8aB7C2061c2E118A18a936f13D.html]
[looksrare.org/collections/0x60E4d786628Fea6478F785A6d7e704777c86a7c6.html]
[looksrare.org/collections/0x306b1ea3ecdf94aB739F1910bbda052Ed4A9f949.html]
[looksrare.org/collections/0x23581767a106ae21c074b2276D25e5C3e136a68b.html]
[looksrare.org/collections/0x8a90CAb2b38dba80c64b7734e58Ee1dB38B8992e.html]
[looksrare.org/collections/0x49cF6f5d44E70224e2E23fDcdd2C053F30aDA28B.html]
[looksrare.org/collections/0x160C404B2b49CBC3240055CEaEE026df1e8497A0.html]
[looksrare.org/index.html]
[looksrare.org/_next/static/css/898dd38ee45185d1.css]
[looksrare.org/_next/static/css/304900cd53b5f91e.css]
[looksrare.org/_next/static/chunks/669-51b5ef04879bb71f.js]
[looksrare.org/collections/0x1A92f7381B9F03921564a437210bB9396471050C.html]
[looksrare.org/_next/static/chunks/128-cd0238b27b74c464.js]
[looksrare.org/_next/static/chunks/1-c0195240a5b49b90.js]
[looksrare.org/_next/static/chunks/942-8ce2c4824bf25f93.js]
[looksrare.org/_next/static/chunks/133-4e46da04b0765644.js]
[looksrare.org/_next/static/chunks/0-8f4d8eb9342bfa89.js]
[looksrare.org/_next/static/chunks/pages/explore-6a4908c01425f341.js]
[looksrare.org/explore.html]
[looksrare.org/_next/static/chunks/pages/collections-c3387413f24f3c47.js]
[looksrare.org/explore/activity.html]
[looksrare.org/collections/0x4E1f41613c9084FdB9E34E11fAE9412427480e56.html]
[looksrare.org/collections/0xcE25E60A89F200B1fA40f6c313047FFe386992c3.html]
[looksrare.org/collections/0x7Bd29408f11D2bFC23c34f18275bBf23bB716Bc7.html]
[looksrare.org/collections/0xba30E5F9Bb24caa003E9f2f0497Ad287FDF95623.html]
[looksrare.org/collections/0xFb10b1717C92e9cc2d634080c3c337808408D9E1.html]
[looksrare.org/collections/0x497a9A79e82e6fC0FF10a16f6F75e6fcd5aE65a8.html]
[looksrare.org/collections/0xe0176bA60efddb29Cac5b15338C9962dAee9de0c.html]
[looksrare.org/collections/0x22c36BfdCef207F9c0CC941936eff94D4246d14A.html]
[looksrare.org/collections/0x9378368ba6b85c1FbA5b131b530f5F5bEdf21A18.html]
[looksrare.org/collections.html]
[looksrare.org/collections/0x75E95ba5997Eb235F40eCF8347cDb11F18ff640B.html]
[looksrare.org/_next/static/chunks/78-6595a8bfcfc4c750.js]
[looksrare.org/_next/static/chunks/pages/rewards-f98125647a972365.js]
[looksrare.org/images/biglooks-dark.svg]
[looksrare.org/rewards.html]
[looksrare.org/_next/static/chunks/pages/rewards/trading-74b1e5438906bf7c.js]
[looksrare.org/collections/0x7D8820FA92EB1584636f4F5b8515B5476B75171a.html]
[looksrare.org/collections/0x08D7C0242953446436F34b4C78Fe9da38c73668d.html]
[looksrare.org/collections/0x809D8f2B12454FC07408d2479cf6DC701ecD5a9f.html]
[looksrare.org/collections/0xb4d06d46A8285F4EC79Fd294F78a881799d8cEd9.html]
[looksrare.org/collections/0x716F29B8972D551294d9E02B3eb0fC1107FbF4aA.html]
[looksrare.org/collections/0x59468516a8259058baD1cA5F8f4BFF190d30E066.html]
[looksrare.org/collections/0x5bd815Fd6c096bAB38B4C6553cfce3585194dff9.html]
[looksrare.org/collections/0xe785E82358879F061BC3dcAC6f0444462D4b5330.html]
[looksrare.org/collections/0xf54cC94f1F2f5De012B6Aa51F1E7eBdc43Ef5afC.html]
[looksrare.org/collections/0xBD4455dA5929D5639EE098ABFaa3241e9ae111Af.html]
[looksrare.org/collections/0x0326b0688d9869a19388312Df6805d1D72AaB7bC.html]
[looksrare.org/collections/0xCb2411C2B914b000aD13c86027222A797983EF2D.html]
[looksrare.org/collections/0xCcc441ac31f02cD96C153DB6fd5Fe0a2F4e6A68d.html]
[looksrare.org/collections/0x79FCDEF22feeD20eDDacbB2587640e45491b757f.html]
[looksrare.org/collections/0x9df8Aa7C681f33E442A0d57B838555da863504f3.html]
[looksrare.org/rewards/trading.html]
[looksrare.org/accounts/me.html]
[looksrare.org/_next/static/chunks/955-ff54508f8823d396.js]
[looksrare.org/collections/0x892848074ddeA461A15f337250Da3ce55580CA85.html]
[looksrare.org/_next/static/chunks/641-68646f3142f4e21a.js]
[looksrare.org/_next/static/chunks/521-706b4235b374691c.js]
[looksrare.org/_next/static/chunks/pages/collections/[address]-e32bce8b182f15ce.js]
[looksrare.org/collections/0xED5AF388653567Af2F388E6224dC7C4b3241C544.html]
[looksrare.org/collections/0xBC4CA0EdA7647A8aB7C2061c2E118A18a936f13D.html]
[looksrare.org/collections/0x34d85c9CDeB23FA97cb08333b511ac86E1C4E258.html]
[looksrare.org/collections/0x60E4d786628Fea6478F785A6d7e704777c86a7c6.html]
[looksrare.org/collections/0x306b1ea3ecdf94aB739F1910bbda052Ed4A9f949.html]
[looksrare.org/collections/0x23581767a106ae21c074b2276D25e5C3e136a68b.html]
[looksrare.org/collections/0x8a90CAb2b38dba80c64b7734e58Ee1dB38B8992e.html]
[looksrare.org/collections/0x49cF6f5d44E70224e2E23fDcdd2C053F30aDA28B.html]
[looksrare.org/collections/0x160C404B2b49CBC3240055CEaEE026df1e8497A0.html]
[looksrare.org/collections/0x1A92f7381B9F03921564a437210bB9396471050C.html]
[looksrare.org/explore/activity.html]
[looksrare.org/collections/0x4E1f41613c9084FdB9E34E11fAE9412427480e56.html]
[looksrare.org/collections/0xcE25E60A89F200B1fA40f6c313047FFe386992c3.html]
[looksrare.org/collections/0x7Bd29408f11D2bFC23c34f18275bBf23bB716Bc7.html]
[looksrare.org/collections/0xba30E5F9Bb24caa003E9f2f0497Ad287FDF95623.html]
[looksrare.org/collections/0xFb10b1717C92e9cc2d634080c3c337808408D9E1.html]
[looksrare.org/collections/0x497a9A79e82e6fC0FF10a16f6F75e6fcd5aE65a8.html]
[looksrare.org/collections/0xe0176bA60efddb29Cac5b15338C9962dAee9de0c.html]
[looksrare.org/collections/0x22c36BfdCef207F9c0CC941936eff94D4246d14A.html]
[looksrare.org/collections/0x9378368ba6b85c1FbA5b131b530f5F5bEdf21A18.html]
[looksrare.org/collections/0x75E95ba5997Eb235F40eCF8347cDb11F18ff640B.html]
[looksrare.org/images/biglooks-dark.svg]
[looksrare.org/collections/0x7D8820FA92EB1584636f4F5b8515B5476B75171a.html]
[looksrare.org/collections/0x08D7C0242953446436F34b4C78Fe9da38c73668d.html]
[looksrare.org/collections/0x809D8f2B12454FC07408d2479cf6DC701ecD5a9f.html]
[looksrare.org/collections/0xb4d06d46A8285F4EC79Fd294F78a881799d8cEd9.html]
[looksrare.org/collections/0x716F29B8972D551294d9E02B3eb0fC1107FbF4aA.html]
[looksrare.org/collections/0x59468516a8259058baD1cA5F8f4BFF190d30E066.html]
[looksrare.org/collections/0x5bd815Fd6c096bAB38B4C6553cfce3585194dff9.html]
[looksrare.org/collections/0xe785E82358879F061BC3dcAC6f0444462D4b5330.html]
[looksrare.org/collections/0xf54cC94f1F2f5De012B6Aa51F1E7eBdc43Ef5afC.html]
[looksrare.org/collections/0xBD4455dA5929D5639EE098ABFaa3241e9ae111Af.html]
[looksrare.org/collections/0x0326b0688d9869a19388312Df6805d1D72AaB7bC.html]
[looksrare.org/collections/0xCb2411C2B914b000aD13c86027222A797983EF2D.html]
[looksrare.org/collections/0xCcc441ac31f02cD96C153DB6fd5Fe0a2F4e6A68d.html]
[looksrare.org/collections/0x79FCDEF22feeD20eDDacbB2587640e45491b757f.html]
[looksrare.org/collections/0x9df8Aa7C681f33E442A0d57B838555da863504f3.html]
[looksrare.org/collections/0x892848074ddeA461A15f337250Da3ce55580CA85.html]
[looksrare.org/_next/static/chunks/pages/explore/activity-9bd90fd3c6d81330.js]
